C:\USERS\JUNJUN\DESKTOP\C++\C++\TEST\CS\CS\DEBUG\1.OBJ
C:\Users\junjun\Desktop\c++\c++\test\cs\cs\Debug\cl.command.1.tlog
C:\Users\junjun\Desktop\c++\c++\test\cs\cs\Debug\CL.read.1.tlog
C:\Users\junjun\Desktop\c++\c++\test\cs\cs\Debug\CL.write.1.tlog
C:\Users\junjun\Desktop\c++\c++\test\cs\cs\Debug\cs.exe.embed.manifest
C:\USERS\JUNJUN\DESKTOP\C++\C++\TEST\CS\CS\DEBUG\CS.EXE.EMBED.MANIFEST.RES
C:\USERS\JUNJUN\DESKTOP\C++\C++\TEST\CS\CS\DEBUG\CS.EXE.INTERMEDIATE.MANIFEST
C:\Users\junjun\Desktop\c++\c++\test\cs\cs\Debug\cs_manifest.rc
C:\Users\junjun\Desktop\c++\c++\test\cs\cs\Debug\Junjun-huang-lab6.obj
C:\Users\junjun\Desktop\c++\c++\test\cs\cs\Debug\lab3.obj
C:\Users\junjun\Desktop\c++\c++\test\cs\cs\Debug\lab7.obj
C:\Users\junjun\Desktop\c++\c++\test\cs\cs\Debug\lab9.obj
C:\Users\junjun\Desktop\c++\c++\test\cs\cs\Debug\link.command.1.tlog
C:\Users\junjun\Desktop\c++\c++\test\cs\cs\Debug\link.read.1.tlog
C:\Users\junjun\Desktop\c++\c++\test\cs\cs\Debug\link.write.1.tlog
C:\Users\junjun\Desktop\c++\c++\test\cs\cs\Debug\link-cvtres.read.1.tlog
C:\Users\junjun\Desktop\c++\c++\test\cs\cs\Debug\link-cvtres.write.1.tlog
C:\Users\junjun\Desktop\c++\c++\test\cs\cs\Debug\mt.command.1.tlog
C:\Users\junjun\Desktop\c++\c++\test\cs\cs\Debug\mt.read.1.tlog
C:\Users\junjun\Desktop\c++\c++\test\cs\cs\Debug\mt.write.1.tlog
C:\Users\junjun\Desktop\c++\c++\test\cs\cs\Debug\new lab9.obj
C:\Users\junjun\Desktop\c++\c++\test\cs\cs\Debug\rc.command.1.tlog
C:\Users\junjun\Desktop\c++\c++\test\cs\cs\Debug\rc.read.1.tlog
C:\Users\junjun\Desktop\c++\c++\test\cs\cs\Debug\rc.write.1.tlog
C:\Users\junjun\Desktop\c++\c++\test\cs\cs\Debug\test.obj
C:\Users\junjun\Desktop\c++\c++\test\cs\cs\Debug\vc100.idb
C:\USERS\JUNJUN\DESKTOP\C++\C++\TEST\CS\CS\DEBUG\VC100.PDB
C:\Users\junjun\Desktop\c++\c++\test\cs\cs\Debug\vc90.idb
C:\Users\junjun\Desktop\c++\c++\test\cs\cs\Debug\vc90.pdb
C:\USERS\JUNJUN\DESKTOP\C++\C++\TEST\CS\DEBUG\CS.EXE
C:\USERS\JUNJUN\DESKTOP\C++\C++\TEST\CS\DEBUG\CS.ILK
C:\USERS\JUNJUN\DESKTOP\C++\C++\TEST\CS\DEBUG\CS.PDB
